SF:/Users/sedat/Documents/Development/power-trade-position/PowerTradePosition/PowerTradePosition.Reporting/Program.cs
FN:14,System.Void PowerTradePosition.Program::Main(System.String[])
FNDA:0,System.Void PowerTradePosition.Program::Main(System.String[])
DA:15,0
DA:16,0
DA:18,0
DA:19,0
DA:20,0
DA:23,0
DA:25,0
DA:27,0
DA:28,0
DA:30,0
DA:31,0
DA:32,0
DA:33,0
DA:34,0
DA:35,0
DA:36,0
DA:37,0
DA:38,0
DA:40,0
DA:41,0
DA:42,0
DA:43,0
DA:44,0
DA:46,0
BRDA:27,56,0,0
BRDA:27,56,1,0
FN:48,Microsoft.Extensions.DependencyInjection.ServiceProvider PowerTradePosition.Program::ConfigureServices(Microsoft.Extensions.Configuration.IConfiguration)
FNDA:0,Microsoft.Extensions.DependencyInjection.ServiceProvider PowerTradePosition.Program::ConfigureServices(Microsoft.Extensions.Configuration.IConfiguration)
DA:49,0
DA:50,0
DA:51,0
DA:52,0
DA:53,0
DA:54,0
DA:55,0
DA:56,0
DA:57,0
DA:58,0
DA:60,0
DA:61,0
FN:63,Microsoft.Extensions.Configuration.IConfiguration PowerTradePosition.Program::BuildConfiguration(System.String[])
FNDA:0,Microsoft.Extensions.Configuration.IConfiguration PowerTradePosition.Program::BuildConfiguration(System.String[])
DA:64,0
DA:65,0
DA:66,0
DA:67,0
DA:68,0
DA:69,0
DA:70,0
LF:43
LH:0
BRF:2
BRH:0
FNF:3
FNH:0
end_of_record
SF:/Users/sedat/Documents/Development/power-trade-position/PowerTradePosition/PowerTradePosition.Reporting/Services/LoggerService.cs
FN:15,System.Void PowerTradePosition.Reporting.Services.LoggerService::LogInformation(System.String)
FNDA:0,System.Void PowerTradePosition.Reporting.Services.LoggerService::LogInformation(System.String)
DA:16,0
DA:17,0
DA:18,0
FN:20,System.Void PowerTradePosition.Reporting.Services.LoggerService::LogWarning(System.String)
FNDA:0,System.Void PowerTradePosition.Reporting.Services.LoggerService::LogWarning(System.String)
DA:21,0
DA:22,0
DA:23,0
FN:25,System.Void PowerTradePosition.Reporting.Services.LoggerService::LogError(System.String,System.Exception)
FNDA:0,System.Void PowerTradePosition.Reporting.Services.LoggerService::LogError(System.String,System.Exception)
DA:26,0
DA:27,0
DA:28,0
FN:9,System.Void PowerTradePosition.Reporting.Services.LoggerService::.ctor(Serilog.ILogger)
FNDA:0,System.Void PowerTradePosition.Reporting.Services.LoggerService::.ctor(Serilog.ILogger)
DA:10,0
DA:11,0
DA:12,0
DA:13,0
LF:13
LH:0
BRF:0
BRH:0
FNF:4
FNH:0
end_of_record
SF:/Users/sedat/Documents/Development/power-trade-position/PowerTradePosition/PowerTradePosition.Reporting/Services/RecorderService.cs
FN:15,System.Void PowerTradePosition.Reporting.Services.RecorderService::WriteAsCSV(System.String,System.Collections.Generic.List`1<System.String>)
FNDA:0,System.Void PowerTradePosition.Reporting.Services.RecorderService::WriteAsCSV(System.String,System.Collections.Generic.List`1<System.String>)
DA:16,0
DA:17,0
DA:18,0
DA:19,0
DA:20,0
DA:21,0
DA:22,0
DA:23,0
DA:24,0
DA:25,0
DA:26,0
DA:27,0
BRDA:21,88,1,0
BRDA:21,88,0,0
FN:28,System.Void PowerTradePosition.Reporting.Services.RecorderService::WriteAsCSV(System.String,System.Collections.Generic.List`1<System.String>,System.String)
FNDA:0,System.Void PowerTradePosition.Reporting.Services.RecorderService::WriteAsCSV(System.String,System.Collections.Generic.List`1<System.String>,System.String)
DA:29,0
DA:30,0
DA:31,0
DA:32,0
DA:33,0
DA:34,0
DA:35,0
DA:36,0
DA:37,0
DA:38,0
DA:39,0
DA:40,0
DA:41,0
BRDA:35,96,1,0
BRDA:35,96,0,0
FN:43,System.String PowerTradePosition.Reporting.Services.RecorderService::CheckAndCreateFolder(System.String)
FNDA:0,System.String PowerTradePosition.Reporting.Services.RecorderService::CheckAndCreateFolder(System.String)
DA:44,0
DA:45,0
DA:46,0
DA:47,0
DA:49,0
DA:50,0
DA:51,0
DA:52,0
DA:53,0
DA:55,0
DA:56,0
BRDA:45,7,0,0
BRDA:45,7,1,0
BRDA:45,25,0,0
BRDA:45,25,1,0
BRDA:49,47,0,0
BRDA:49,47,1,0
FN:10,System.Void PowerTradePosition.Reporting.Services.RecorderService::.ctor(Microsoft.Extensions.Options.IOptions`1<PowerTradePosition.Reporting.Models.ReportConfig>,PowerTradePosition.Reporting.Services.ILoggerService)
FNDA:0,System.Void PowerTradePosition.Reporting.Services.RecorderService::.ctor(Microsoft.Extensions.Options.IOptions`1<PowerTradePosition.Reporting.Models.ReportConfig>,PowerTradePosition.Reporting.Services.ILoggerService)
DA:11,0
DA:12,0
DA:13,0
DA:14,0
DA:15,0
LF:41
LH:0
BRF:10
BRH:0
FNF:4
FNH:0
end_of_record
SF:/Users/sedat/Documents/Development/power-trade-position/PowerTradePosition/PowerTradePosition.Reporting/Services/ReportingService.cs
FN:110,System.Void PowerTradePosition.Reporting.Services.ReportingService::UnsubscribeFromJobQueue()
FNDA:0,System.Void PowerTradePosition.Reporting.Services.ReportingService::UnsubscribeFromJobQueue()
DA:111,0
DA:112,0
DA:113,0
FN:23,System.Void PowerTradePosition.Reporting.Services.ReportingService::.ctor(Axpo.IPowerService,PowerTradePosition.Reporting.Services.IRecorderService,PowerTradePosition.Reporting.Services.IReportJobQueue,PowerTradePosition.Reporting.Services.ILoggerService)
FNDA:5,System.Void PowerTradePosition.Reporting.Services.ReportingService::.ctor(Axpo.IPowerService,PowerTradePosition.Reporting.Services.IRecorderService,PowerTradePosition.Reporting.Services.IReportJobQueue,PowerTradePosition.Reporting.Services.ILoggerService)
DA:24,5
DA:26,5
DA:27,5
DA:28,5
DA:29,5
DA:30,5
DA:31,5
DA:32,5
FN:47,System.Void PowerTradePosition.Reporting.Services.ReportingService/<CreateDayAheadReport>d__7::MoveNext()
FNDA:2,System.Void PowerTradePosition.Reporting.Services.ReportingService/<CreateDayAheadReport>d__7::MoveNext()
DA:48,2
DA:50,2
DA:51,2
DA:52,2
DA:53,2
DA:54,2
DA:55,2
DA:56,2
DA:58,0
DA:59,0
DA:60,0
DA:61,0
DA:62,0
DA:63,0
DA:64,2
DA:65,2
DA:66,2
DA:67,2
DA:68,2
DA:69,2
DA:70,2
DA:71,2
DA:72,2
DA:74,0
DA:75,0
DA:76,0
DA:77,2
DA:78,2
BRDA:67,554,0,2
BRDA:67,554,1,0
FN:33,System.Void PowerTradePosition.Reporting.Services.ReportingService/<GetDayAheadPosition>d__6::MoveNext()
FNDA:4,System.Void PowerTradePosition.Reporting.Services.ReportingService/<GetDayAheadPosition>d__6::MoveNext()
DA:34,4
DA:35,4
DA:36,3
DA:37,2
DA:38,2
DA:41,1
DA:43,1
DA:44,1
DA:45,1
BRDA:36,169,0,2
BRDA:36,169,1,1
FN:80,System.Void PowerTradePosition.Reporting.Services.ReportingService/<SubscribeToJobQueue>d__8::MoveNext()
FNDA:1,System.Void PowerTradePosition.Reporting.Services.ReportingService/<SubscribeToJobQueue>d__8::MoveNext()
DA:81,1
DA:82,1
DA:83,2
DA:84,2
DA:85,2
DA:86,2
DA:87,2
DA:88,1
DA:89,1
DA:90,1
DA:93,1
DA:94,1
DA:96,0
DA:97,0
DA:98,0
DA:99,0
DA:101,1
DA:103,1
DA:104,1
DA:105,1
DA:106,2
DA:107,1
DA:108,0
BRDA:83,454,1,2
BRDA:87,91,0,1
BRDA:90,175,1,1
BRDA:90,175,0,0
BRDA:87,91,1,1
BRDA:83,454,0,0
LF:71
LH:54
BRF:10
BRH:7
FNF:5
FNH:4
end_of_record
SF:/Users/sedat/Documents/Development/power-trade-position/PowerTradePosition/PowerTradePosition.Reporting/Services/ReportJobQueue.cs
FN:15,PowerTradePosition.Reporting.Models.IReportJob PowerTradePosition.Reporting.Services.ReportJobQueue::Consume()
FNDA:0,PowerTradePosition.Reporting.Models.IReportJob PowerTradePosition.Reporting.Services.ReportJobQueue::Consume()
DA:16,0
DA:17,0
DA:18,0
DA:19,0
FN:21,System.Void PowerTradePosition.Reporting.Services.ReportJobQueue::Push(PowerTradePosition.Reporting.Models.IReportJob)
FNDA:0,System.Void PowerTradePosition.Reporting.Services.ReportJobQueue::Push(PowerTradePosition.Reporting.Models.IReportJob)
DA:22,0
DA:23,0
DA:24,0
FN:26,System.Int32 PowerTradePosition.Reporting.Services.ReportJobQueue::GetQueueLength()
FNDA:0,System.Int32 PowerTradePosition.Reporting.Services.ReportJobQueue::GetQueueLength()
DA:27,0
DA:28,0
DA:29,0
FN:8,System.Void PowerTradePosition.Reporting.Services.ReportJobQueue::.ctor()
FNDA:0,System.Void PowerTradePosition.Reporting.Services.ReportJobQueue::.ctor()
DA:9,0
DA:11,0
DA:12,0
DA:13,0
LF:14
LH:0
BRF:0
BRH:0
FNF:4
FNH:0
end_of_record
SF:/Users/sedat/Documents/Development/power-trade-position/PowerTradePosition/PowerTradePosition.Reporting/Models/DayAheadPosition.cs
FN:23,System.Void PowerTradePosition.Reporting.Models.DayAheadPosition::Aggregate(System.Int32,System.Double)
FNDA:267,System.Void PowerTradePosition.Reporting.Models.DayAheadPosition::Aggregate(System.Int32,System.Double)
DA:24,267
DA:25,267
DA:26,264
DA:27,264
DA:28,264
DA:29,264
DA:30,267
BRDA:25,10,0,264
BRDA:25,10,1,3
BRDA:25,21,0,264
BRDA:25,21,1,267
FN:32,System.Collections.Generic.List`1<PowerTradePosition.Reporting.Models.PowerVolume> PowerTradePosition.Reporting.Models.DayAheadPosition::GetTimestampedPositions()
FNDA:3,System.Collections.Generic.List`1<PowerTradePosition.Reporting.Models.PowerVolume> PowerTradePosition.Reporting.Models.DayAheadPosition::GetTimestampedPositions()
DA:33,3
DA:34,3
DA:35,3
DA:36,150
DA:37,72
DA:38,72
DA:39,72
DA:40,72
DA:41,72
DA:42,72
DA:43,72
DA:44,72
DA:45,3
DA:46,3
BRDA:36,89,1,72
BRDA:36,89,0,3
FN:47,System.Collections.Generic.List`1<PowerTradePosition.Reporting.Models.PowerVolume> PowerTradePosition.Reporting.Models.DayAheadPosition::CreateTotalVolumeWithPeriods()
FNDA:3,System.Collections.Generic.List`1<PowerTradePosition.Reporting.Models.PowerVolume> PowerTradePosition.Reporting.Models.DayAheadPosition::CreateTotalVolumeWithPeriods()
DA:48,3
DA:49,31
DA:50,11
DA:51,567
DA:52,267
DA:53,267
DA:54,267
DA:55,11
DA:56,3
DA:57,3
BRDA:49,85,1,11
BRDA:51,76,1,267
BRDA:51,76,0,11
BRDA:49,85,0,3
FN:59,System.DateTime PowerTradePosition.Reporting.Models.DayAheadPosition::GetPositionTime()
FNDA:1,System.DateTime PowerTradePosition.Reporting.Models.DayAheadPosition::GetPositionTime()
DA:60,1
DA:61,1
DA:62,1
FN:64,System.Collections.Generic.IEnumerable`1<Axpo.PowerTrade> PowerTradePosition.Reporting.Models.DayAheadPosition::GetPowerTrades()
FNDA:1,System.Collections.Generic.IEnumerable`1<Axpo.PowerTrade> PowerTradePosition.Reporting.Models.DayAheadPosition::GetPowerTrades()
DA:65,1
DA:66,1
DA:67,1
FN:68,System.Collections.Generic.List`1<PowerTradePosition.Reporting.Models.PowerVolume> PowerTradePosition.Reporting.Models.DayAheadPosition::GetTimestampedTotalVolumes()
FNDA:2,System.Collections.Generic.List`1<PowerTradePosition.Reporting.Models.PowerVolume> PowerTradePosition.Reporting.Models.DayAheadPosition::GetTimestampedTotalVolumes()
DA:69,2
DA:70,2
DA:71,2
FN:7,System.Void PowerTradePosition.Reporting.Models.DayAheadPosition::.ctor(System.DateTime,System.Collections.Generic.IEnumerable`1<Axpo.PowerTrade>)
FNDA:3,System.Void PowerTradePosition.Reporting.Models.DayAheadPosition::.ctor(System.DateTime,System.Collections.Generic.IEnumerable`1<Axpo.PowerTrade>)
DA:8,3
DA:14,3
DA:16,3
DA:17,3
DA:18,3
DA:19,3
DA:20,3
DA:21,3
LF:48
LH:48
BRF:10
BRH:10
FNF:7
FNH:7
end_of_record
SF:/Users/sedat/Documents/Development/power-trade-position/PowerTradePosition/PowerTradePosition.Reporting/Models/DayAheadReportJob.cs
FN:6,System.String PowerTradePosition.Reporting.Models.DayAheadReportJob::get_JobType()
FNDA:15,System.String PowerTradePosition.Reporting.Models.DayAheadReportJob::get_JobType()
DA:7,15
FN:7,System.Guid PowerTradePosition.Reporting.Models.DayAheadReportJob::get_Id()
FNDA:10,System.Guid PowerTradePosition.Reporting.Models.DayAheadReportJob::get_Id()
DA:8,10
FN:8,System.DateTime PowerTradePosition.Reporting.Models.DayAheadReportJob::get_TriggerTime()
FNDA:6,System.DateTime PowerTradePosition.Reporting.Models.DayAheadReportJob::get_TriggerTime()
DA:9,6
FN:9,System.Int32 PowerTradePosition.Reporting.Models.DayAheadReportJob::get_RetryCount()
FNDA:8,System.Int32 PowerTradePosition.Reporting.Models.DayAheadReportJob::get_RetryCount()
DA:10,8
LF:4
LH:4
BRF:0
BRH:0
FNF:4
FNH:4
end_of_record
SF:/Users/sedat/Documents/Development/power-trade-position/PowerTradePosition/PowerTradePosition.Reporting/Models/PowerVolume.cs
FN:6,System.DateTime PowerTradePosition.Reporting.Models.PowerVolume::get_UTCTime()
FNDA:72,System.DateTime PowerTradePosition.Reporting.Models.PowerVolume::get_UTCTime()
DA:7,72
FN:7,System.Double PowerTradePosition.Reporting.Models.PowerVolume::get_Volume()
FNDA:74,System.Double PowerTradePosition.Reporting.Models.PowerVolume::get_Volume()
DA:8,74
LF:2
LH:2
BRF:0
BRH:0
FNF:2
FNH:2
end_of_record
SF:/Users/sedat/Documents/Development/power-trade-position/PowerTradePosition/PowerTradePosition.Reporting/Models/ReportConfig.cs
FN:6,System.String PowerTradePosition.Reporting.Models.ReportConfig::get_OutputDirectory()
FNDA:0,System.String PowerTradePosition.Reporting.Models.ReportConfig::get_OutputDirectory()
DA:7,0
FN:8,System.Int32 PowerTradePosition.Reporting.Models.ReportConfig::get_Interval()
FNDA:0,System.Int32 PowerTradePosition.Reporting.Models.ReportConfig::get_Interval()
DA:9,0
LF:2
LH:0
BRF:0
BRH:0
FNF:2
FNH:0
end_of_record
SF:/Users/sedat/Documents/Development/power-trade-position/PowerTradePosition/PowerTradePosition.Reporting/Helpers/ReportHelper.cs
FN:7,System.String PowerTradePosition.Reporting.Helpers.ReportHelper::GenerateFileName(System.String,System.DateTime,System.DateTime)
FNDA:0,System.String PowerTradePosition.Reporting.Helpers.ReportHelper::GenerateFileName(System.String,System.DateTime,System.DateTime)
DA:8,0
DA:9,0
DA:10,0
FN:12,System.String PowerTradePosition.Reporting.Helpers.ReportHelper::GenerateFileName(System.String,System.DateTime,System.DateTime,System.String)
FNDA:0,System.String PowerTradePosition.Reporting.Helpers.ReportHelper::GenerateFileName(System.String,System.DateTime,System.DateTime,System.String)
DA:13,0
DA:14,0
DA:15,0
LF:6
LH:0
BRF:0
BRH:0
FNF:2
FNH:0
end_of_record
SF:/Users/sedat/Documents/Development/power-trade-position/PowerTradePosition/PowerTradePosition.Reporting/Extensions/PowerTradeExtensions.cs
FN:10,System.Collections.Generic.List`1<System.String> PowerTradePosition.Reporting.Extensions.PowerTradeExtensions::AsCSVRows(System.Collections.Generic.List`1<T>)
FNDA:0,System.Collections.Generic.List`1<System.String> PowerTradePosition.Reporting.Extensions.PowerTradeExtensions::AsCSVRows(System.Collections.Generic.List`1<T>)
DA:11,0
DA:12,0
DA:13,0
DA:14,0
DA:15,0
DA:16,0
DA:17,0
DA:18,0
DA:19,0
DA:20,0
BRDA:12,7,0,0
BRDA:12,7,1,0
BRDA:15,120,1,0
BRDA:15,120,0,0
FN:22,System.Collections.Generic.List`1<System.String> PowerTradePosition.Reporting.Extensions.PowerTradeExtensions::AsCSVRows(System.Collections.Generic.List`1<T>,System.String)
FNDA:0,System.Collections.Generic.List`1<System.String> PowerTradePosition.Reporting.Extensions.PowerTradeExtensions::AsCSVRows(System.Collections.Generic.List`1<T>,System.String)
DA:23,0
DA:24,0
DA:25,0
DA:26,0
DA:27,0
DA:28,0
DA:29,0
DA:30,0
DA:31,0
DA:32,0
BRDA:24,7,0,0
BRDA:24,7,1,0
BRDA:27,116,1,0
BRDA:27,116,0,0
FN:34,System.Collections.Generic.List`1<System.String> PowerTradePosition.Reporting.Extensions.PowerTradeExtensions::AsCSVRows(System.Collections.Generic.List`1<T>,System.String,System.IFormatProvider)
FNDA:0,System.Collections.Generic.List`1<System.String> PowerTradePosition.Reporting.Extensions.PowerTradeExtensions::AsCSVRows(System.Collections.Generic.List`1<T>,System.String,System.IFormatProvider)
DA:35,0
DA:36,0
DA:37,0
DA:38,0
DA:39,0
DA:40,0
DA:41,0
DA:42,0
DA:43,0
DA:44,0
BRDA:36,7,0,0
BRDA:36,7,1,0
BRDA:39,112,1,0
BRDA:39,112,0,0
FN:46,System.String PowerTradePosition.Reporting.Extensions.PowerTradeExtensions::ToUTCString(System.DateTime)
FNDA:2,System.String PowerTradePosition.Reporting.Extensions.PowerTradeExtensions::ToUTCString(System.DateTime)
DA:47,2
DA:48,2
DA:49,2
LF:33
LH:3
BRF:12
BRH:0
FNF:4
FNH:1
end_of_record
SF:/Users/sedat/Documents/Development/power-trade-position/PowerTradePosition/PowerTradePosition.Reporting/Exceptions/ServiceResultEmptyException.cs
FN:7,System.Void PowerTradePosition.Reporting.Exceptions.ServiceResultEmptyException::.ctor()
FNDA:2,System.Void PowerTradePosition.Reporting.Exceptions.ServiceResultEmptyException::.ctor()
DA:8,2
DA:9,2
DA:10,2
FN:12,System.Void PowerTradePosition.Reporting.Exceptions.ServiceResultEmptyException::.ctor(System.String)
FNDA:0,System.Void PowerTradePosition.Reporting.Exceptions.ServiceResultEmptyException::.ctor(System.String)
DA:13,0
DA:14,0
DA:15,0
FN:17,System.Void PowerTradePosition.Reporting.Exceptions.ServiceResultEmptyException::.ctor(System.String,System.Exception)
FNDA:0,System.Void PowerTradePosition.Reporting.Exceptions.ServiceResultEmptyException::.ctor(System.String,System.Exception)
DA:18,0
DA:19,0
DA:20,0
LF:9
LH:3
BRF:0
BRH:0
FNF:3
FNH:1
end_of_record
SF:/Users/sedat/Documents/Development/power-trade-position/PowerTradePosition/PowerTradePosition.Reporting/Core/Application.cs
FN:23,System.Void PowerTradePosition.Reporting.Core.Application::Start()
FNDA:0,System.Void PowerTradePosition.Reporting.Core.Application::Start()
DA:24,0
DA:25,0
DA:27,0
DA:28,0
DA:30,0
DA:31,0
DA:32,0
BRDA:25,13,0,0
BRDA:25,13,1,0
FN:34,System.Void PowerTradePosition.Reporting.Core.Application::Stop()
FNDA:0,System.Void PowerTradePosition.Reporting.Core.Application::Stop()
DA:35,0
DA:36,0
DA:37,0
FN:39,System.Void PowerTradePosition.Reporting.Core.Application::PushJobToReportQueue(System.Object)
FNDA:0,System.Void PowerTradePosition.Reporting.Core.Application::PushJobToReportQueue(System.Object)
DA:40,0
DA:41,0
DA:42,0
DA:43,0
DA:44,0
DA:45,0
DA:46,0
DA:47,0
DA:48,0
DA:49,0
DA:50,0
FN:14,System.Void PowerTradePosition.Reporting.Core.Application::.ctor(PowerTradePosition.Reporting.Services.IReportingService,PowerTradePosition.Reporting.Services.IReportJobQueue,Microsoft.Extensions.Options.IOptions`1<PowerTradePosition.Reporting.Models.ReportConfig>,PowerTradePosition.Reporting.Services.ILoggerService)
FNDA:0,System.Void PowerTradePosition.Reporting.Core.Application::.ctor(PowerTradePosition.Reporting.Services.IReportingService,PowerTradePosition.Reporting.Services.IReportJobQueue,Microsoft.Extensions.Options.IOptions`1<PowerTradePosition.Reporting.Models.ReportConfig>,PowerTradePosition.Reporting.Services.ILoggerService)
DA:15,0
DA:16,0
DA:17,0
DA:18,0
DA:19,0
DA:20,0
DA:21,0
LF:28
LH:0
BRF:2
BRH:0
FNF:4
FNH:0
end_of_record